Vivado Simulator 2020.1
Copyright 1986-1999, 2001-2020 Xilinx, Inc. All Rights Reserved.
Running: C:/xilinx/Vivado/2020.1/bin/unwrapped/win64.o/xelab.exe -wto 6936b9ac22d443188ec6e3ec5fc69195 --incr --debug typical --relax --mt 2 -L xil_defaultlib -L secureip --snapshot ImageProcess_TOP_TB_behav xil_defaultlib.ImageProcess_TOP_TB -log elaborate.log 
Using 2 slave threads.
Starting static elaboration
Completed static elaboration
Starting simulation data flow analysis
Completed simulation data flow analysis
Time Resolution for simulation is 1ps
Compiling package std.standard
Compiling package std.textio
Compiling package ieee.std_logic_1164
Compiling package ieee.numeric_std
Compiling package ieee.std_logic_arith
Compiling package ieee.std_logic_unsigned
Compiling package ieee.math_real
Compiling architecture behavioral of entity xil_defaultlib.FIFO [fifo_default]
Compiling architecture behavioral of entity xil_defaultlib.RGB2GRAY [rgb2gray_default]
Compiling architecture behavioral of entity xil_defaultlib.AveragePixels [averagepixels_default]
Compiling architecture behavioral of entity xil_defaultlib.ForegroundDetector [foregrounddetector_default]
Compiling architecture behavioral of entity xil_defaultlib.ImageProcess_TOP [imageprocess_top_default]
Compiling architecture behavioral of entity xil_defaultlib.imageprocess_top_tb
Built simulation snapshot ImageProcess_TOP_TB_behav
